<?xml version="1.0" encoding="UTF-8"?>
<!-- Generated by org.testng.reporters.JUnitReportReporter -->
<testsuite hostname="DESKTOP-V23L3TE" failures="0" tests="1" name="Test_case.To_verify_Home_page" time="77.022" errors="0" timestamp="2024-03-15T15:10:05 IST" skipped="0">
  <testcase classname="Test_case.To_verify_Home_page" name="Homepage" time="77.022"/>
  <system-out/>
</testsuite> <!-- Test_case.To_verify_Home_page -->
