<?xml version="1.0" encoding="UTF-8"?>
<!-- Generated by org.testng.reporters.JUnitReportReporter -->
<testsuite hostname="DESKTOP-V23L3TE" failures="0" tests="1" name="Test_case.To_verify_GatewayMonitoring" time="30.487" errors="0" timestamp="2024-03-15T15:10:05 IST" skipped="0">
  <testcase classname="Test_case.To_verify_GatewayMonitoring" name="Gateway_monitoring" time="30.487"/>
  <system-out/>
</testsuite> <!-- Test_case.To_verify_GatewayMonitoring -->
