<?xml version="1.0" encoding="UTF-8"?>
<!-- Generated by org.testng.reporters.JUnitReportReporter -->
<testsuite hostname="DESKTOP-V23L3TE" failures="0" tests="1" name="Test_case.To_Verify_Edit_Client" time="38.660" errors="0" timestamp="2024-03-15T15:10:04 IST" skipped="0">
  <testcase classname="Test_case.To_Verify_Edit_Client" name="Edit_Client_Feature" time="38.660"/>
  <system-out/>
</testsuite> <!-- Test_case.To_Verify_Edit_Client -->
